#
# There is insufficient memory for the Java Runtime Environment to continue.
# Native memory allocation (mmap) failed to map 125829120 bytes for G1 virtual space
# Possible reasons:
#   The system is out of physical RAM or swap space
#   The process is running with CompressedOops enabled, and the Java Heap may be blocking the growth of the native heap
# Possible solutions:
#   Reduce memory load on the system
#   Increase physical memory or swap space
#   Check if swap backing store is full
#   Decrease Java heap size (-Xmx/-Xms)
#   Decrease number of Java threads
#   Decrease Java thread stack sizes (-Xss)
#   Set larger code cache with -XX:ReservedCodeCacheSize=
#   JVM is running with Unscaled Compressed Oops mode in which the Java heap is
#     placed in the first 4GB address space. The Java Heap base address is the
#     maximum limit for the native heap growth. Please use -XX:HeapBaseMinAddress
#     to set the Java Heap base and to place the Java Heap above 4GB virtual address.
# This output file may be truncated or incomplete.
#
#  Out of Memory Error (os_windows.cpp:3753), pid=12444, tid=4240
#
# JRE version:  (17.0.4.1+7) (build )
# Java VM: OpenJDK 64-Bit Server VM (17.0.4.1+7-b469.62, mixed mode, sharing, tiered, compressed oops, compressed class ptrs, g1 gc, windows-amd64)
# No core dump will be written. Minidumps are not enabled by default on client versions of Windows
#

---------------  S U M M A R Y ------------

Command Line: git4idea.http.GitAskPassApp Username for 'https://github.com': 

Host: AMD Ryzen 5 4500U with Radeon Graphics         , 6 cores, 7G,  Windows 11 , 64 bit Build 22621 (10.0.22621.2070)
Time: Fri Sep  1 14:00:26 2023 India Standard Time elapsed time: 0.035284 seconds (0d 0h 0m 0s)

---------------  T H R E A D  ---------------

Current thread (0x000001ce503d0740):  JavaThread "Unknown thread" [_thread_in_vm, id=4240, stack(0x000000255fc00000,0x000000255fd00000)]

Stack: [0x000000255fc00000,0x000000255fd00000]
Native frames: (J=compiled Java code, j=interpreted, Vv=VM code, C=native code)
V  [jvm.dll+0x68356a]
V  [jvm.dll+0x83fab4]
V  [jvm.dll+0x84125e]
V  [jvm.dll+0x8418c3]
V  [jvm.dll+0x249735]
V  [jvm.dll+0x680439]
V  [jvm.dll+0x674a7a]
V  [jvm.dll+0x30956b]
V  [jvm.dll+0x310a26]
V  [jvm.dll+0x36089e]
V  [jvm.dll+0x360acf]
V  [jvm.dll+0x2df658]
V  [jvm.dll+0x2e05c4]
V  [jvm.dll+0x8112a1]
V  [jvm.dll+0x36e6f1]
V  [jvm.dll+0x7f076c]
V  [jvm.dll+0x3f180f]
V  [jvm.dll+0x3f3351]
C  [jli.dll+0x526b]
C  [ucrtbase.dll+0x29363]
C  [KERNEL32.DLL+0x126ad]
C  [ntdll.dll+0x5aa68]


---------------  P R O C E S S  ---------------

Threads class SMR info:
_java_thread_list=0x00007ffae5bc7f58, length=0, elements={
}

Java Threads: ( => current thread )

Other Threads:
  0x000001ce50428110 GCTaskThread "GC Thread#0" [stack: 0x000000255fd00000,0x000000255fe00000] [id=9840]
  0x000001ce50437e30 ConcurrentGCThread "G1 Main Marker" [stack: 0x000000255fe00000,0x000000255ff00000] [id=9580]
  0x000001ce50438fe0 ConcurrentGCThread "G1 Conc#0" [stack: 0x000000255ff00000,0x0000002560000000] [id=15504]

[error occurred during error reporting (printing all threads), id 0xc0000005, EXCEPTION_ACCESS_VIOLATION (0xc0000005) at pc=0x00007ffae5380217]

VM state: not at safepoint (not fully initialized)

VM Mutex/Monitor currently owned by a thread:  ([mutex/lock_event])
[0x000001ce503cb2b0] Heap_lock - owner thread: 0x000001ce503d0740

Heap address: 0x0000000089c00000, size: 1892 MB, Compressed Oops mode: 32-bit

CDS archive(s) mapped at: [0x0000000000000000-0x0000000000000000-0x0000000000000000), size 0, SharedBaseAddress: 0x0000000800000000, ArchiveRelocationMode: 0.
Narrow klass base: 0x0000000000000000, Narrow klass shift: 0, Narrow klass range: 0x0

GC Precious Log:
<Empty>

Heap:
 garbage-first heap   total 0K, used 0K [0x0000000089c00000, 0x0000000100000000)
  region size 1024K, 0 young (0K), 0 survivors (0K)

[error occurred during error reporting (printing heap information), id 0xc0000005, EXCEPTION_ACCESS_VIOLATION (0xc0000005) at pc=0x00007ffae576d1f9]

GC Heap History (0 events):
No events

Deoptimization events (0 events):
No events

Classes unloaded (0 events):
No events

Classes redefined (0 events):
No events

Internal exceptions (0 events):
No events

VM Operations (0 events):
No events

Events (1 events):
Event: 0.017 Loaded shared library C:\Program Files\JetBrains\PyCharm Edu 2022.2.2\jbr\bin\java.dll


Dynamic libraries:
0x00007ff66d6d0000 - 0x00007ff66d6da000 	C:\Program Files\JetBrains\PyCharm Edu 2022.2.2\jbr\bin\java.exe
0x00007ffb39fb0000 - 0x00007ffb3a1c4000 	C:\WINDOWS\SYSTEM32\ntdll.dll
0x00007ffb38d40000 - 0x00007ffb38e04000 	C:\WINDOWS\System32\KERNEL32.DLL
0x00007ffb377e0000 - 0x00007ffb37b84000 	C:\WINDOWS\System32\KERNELBASE.dll
0x00007ffb37b90000 - 0x00007ffb37ca1000 	C:\WINDOWS\System32\ucrtbase.dll
0x00007ffb2a570000 - 0x00007ffb2a587000 	C:\Program Files\JetBrains\PyCharm Edu 2022.2.2\jbr\bin\jli.dll
0x00007ffb2a290000 - 0x00007ffb2a2ab000 	C:\Program Files\JetBrains\PyCharm Edu 2022.2.2\jbr\bin\VCRUNTIME140.dll
0x00007ffb38e10000 - 0x00007ffb38fba000 	C:\WINDOWS\System32\USER32.dll
0x00007ffb37400000 - 0x00007ffb37426000 	C:\WINDOWS\System32\win32u.dll
0x00007ffb1e070000 - 0x00007ffb1e2ff000 	C:\WINDOWS\WinSxS\amd64_microsoft.windows.common-controls_6595b64144ccf1df_6.0.22621.2070_none_2713e6537381f706\COMCTL32.dll
0x00007ffb39590000 - 0x00007ffb395b9000 	C:\WINDOWS\System32\GDI32.dll
0x00007ffb39ec0000 - 0x00007ffb39f67000 	C:\WINDOWS\System32\msvcrt.dll
0x00007ffb374d0000 - 0x00007ffb375e9000 	C:\WINDOWS\System32\gdi32full.dll
0x00007ffb37430000 - 0x00007ffb374ca000 	C:\WINDOWS\System32\msvcp_win.dll
0x00007ffb38fc0000 - 0x00007ffb38ff1000 	C:\WINDOWS\System32\IMM32.DLL
0x00007ffb34250000 - 0x00007ffb3425c000 	C:\Program Files\JetBrains\PyCharm Edu 2022.2.2\jbr\bin\vcruntime140_1.dll
0x00007ffb19850000 - 0x00007ffb198dd000 	C:\Program Files\JetBrains\PyCharm Edu 2022.2.2\jbr\bin\msvcp140.dll
0x00007ffae5090000 - 0x00007ffae5cf9000 	C:\Program Files\JetBrains\PyCharm Edu 2022.2.2\jbr\bin\server\jvm.dll
0x00007ffb37f20000 - 0x00007ffb37fd0000 	C:\WINDOWS\System32\ADVAPI32.dll
0x00007ffb39e00000 - 0x00007ffb39ea6000 	C:\WINDOWS\System32\sechost.dll
0x00007ffb382b0000 - 0x00007ffb383c7000 	C:\WINDOWS\System32\RPCRT4.dll
0x00007ffb39eb0000 - 0x00007ffb39eb8000 	C:\WINDOWS\System32\PSAPI.DLL
0x00007ffb15240000 - 0x00007ffb15249000 	C:\WINDOWS\SYSTEM32\WSOCK32.dll
0x00007ffb2d420000 - 0x00007ffb2d42a000 	C:\WINDOWS\SYSTEM32\VERSION.dll
0x00007ffb37fd0000 - 0x00007ffb38041000 	C:\WINDOWS\System32\WS2_32.dll
0x00007ffb2d8a0000 - 0x00007ffb2d8d4000 	C:\WINDOWS\SYSTEM32\WINMM.dll
0x00007ffb363d0000 - 0x00007ffb363e8000 	C:\WINDOWS\SYSTEM32\kernel.appcore.dll
0x00007ffb34270000 - 0x00007ffb3427a000 	C:\Program Files\JetBrains\PyCharm Edu 2022.2.2\jbr\bin\jimage.dll
0x00007ffb34c70000 - 0x00007ffb34e9e000 	C:\WINDOWS\SYSTEM32\DBGHELP.DLL
0x00007ffb38950000 - 0x00007ffb38cda000 	C:\WINDOWS\System32\combase.dll
0x00007ffb393b0000 - 0x00007ffb39487000 	C:\WINDOWS\System32\OLEAUT32.dll
0x00007ffb18700000 - 0x00007ffb18732000 	C:\WINDOWS\SYSTEM32\dbgcore.DLL
0x00007ffb37760000 - 0x00007ffb377da000 	C:\WINDOWS\System32\bcryptPrimitives.dll
0x00007ffb2e770000 - 0x00007ffb2e795000 	C:\Program Files\JetBrains\PyCharm Edu 2022.2.2\jbr\bin\java.dll

dbghelp: loaded successfully - version: 4.0.5 - missing functions: none
symbol engine: initialized successfully - sym options: 0x614 - pdb path: .;C:\Program Files\JetBrains\PyCharm Edu 2022.2.2\jbr\bin;C:\WINDOWS\SYSTEM32;C:\WINDOWS\WinSxS\amd64_microsoft.windows.common-controls_6595b64144ccf1df_6.0.22621.2070_none_2713e6537381f706;C:\Program Files\JetBrains\PyCharm Edu 2022.2.2\jbr\bin\server

VM Arguments:
java_command: git4idea.http.GitAskPassApp Username for 'https://github.com': 
java_class_path (initial): C:/Program Files/JetBrains/PyCharm Edu 2022.2.2/plugins/git4idea/lib/git4idea-rt.jar;C:/Program Files/JetBrains/PyCharm Edu 2022.2.2/lib/externalProcess-rt.jar;C:/Program Files/JetBrains/PyCharm Edu 2022.2.2/lib/app.jar;C:/Program Files/JetBrains/PyCharm Edu 2022.2.2/lib/3rd-party-rt.jar
Launcher Type: SUN_STANDARD

[Global flags]
     intx CICompilerCount                          = 3                                         {product} {ergonomic}
     uint ConcGCThreads                            = 2                                         {product} {ergonomic}
     uint G1ConcRefinementThreads                  = 6                                         {product} {ergonomic}
   size_t G1HeapRegionSize                         = 1048576                                   {product} {ergonomic}
    uintx GCDrainStackTargetSize                   = 64                                        {product} {ergonomic}
   size_t InitialHeapSize                          = 125829120                                 {product} {ergonomic}
   size_t MarkStackSize                            = 4194304                                   {product} {ergonomic}
   size_t MaxHeapSize                              = 1983905792                                {product} {ergonomic}
   size_t MinHeapDeltaBytes                        = 1048576                                   {product} {ergonomic}
   size_t MinHeapSize                              = 8388608                                   {product} {ergonomic}
    uintx NonNMethodCodeHeapSize                   = 5832780                                {pd product} {ergonomic}
    uintx NonProfiledCodeHeapSize                  = 122912730                              {pd product} {ergonomic}
    uintx ProfiledCodeHeapSize                     = 122912730                              {pd product} {ergonomic}
    uintx ReservedCodeCacheSize                    = 251658240                              {pd product} {ergonomic}
     bool SegmentedCodeCache                       = true                                      {product} {ergonomic}
   size_t SoftMaxHeapSize                          = 1983905792                             {manageable} {ergonomic}
     bool UseCompressedClassPointers               = true                           {product lp64_product} {ergonomic}
     bool UseCompressedOops                        = true                           {product lp64_product} {ergonomic}
     bool UseG1GC                                  = true                                      {product} {ergonomic}
     bool UseLargePagesIndividualAllocation        = false                                  {pd product} {ergonomic}

Logging:
Log output configuration:
 #0: stdout all=warning uptime,level,tags
 #1: stderr all=off uptime,level,tags

Environment Variables:
PATH=C:\Program Files\Git\mingw64\libexec\git-core;C:\Program Files\Git\mingw64\libexec\git-core;C:\Program Files\Git\mingw64\bin;C:\Program Files\Git\usr\bin;C:\Users\Anushree Thakur\bin;C:\Users\Anushree Thakur\PycharmProjects\pythonProject\india-data-viz-mini-project\venv\Scripts;C:\Program Files\Python38\Scripts;C:\Program Files\Python38;C:\WINDOWS\system32;C:\WINDOWS;C:\WINDOWS\System32\Wbem;C:\WINDOWS\System32\WindowsPowerShell\v1.0;C:\WINDOWS\System32\OpenSSH;C:\Program Files\Git\cmd;C:\Users\Anushree Thakur\AppData\Local\Programs\Python\Python311\Scripts;C:\Users\Anushree Thakur\AppData\Local\Programs\Python\Python311\Scripts;C:\Users\Anushree Thakur\AppData\Local\Programs\Python\Python311;C:\Users\Anushree Thakur\anaconda3;C:\Users\Anushree Thakur\anaconda3\Library\mingw-w64\bin;C:\Users\Anushree Thakur\anaconda3\Library\usr\bin;C:\Users\Anushree Thakur\anaconda3\Library\bin;C:\Users\Anushree Thakur\anaconda3\Scripts;C:\Users\Anushree Thakur\AppData\Local\Microsoft\WindowsApps;C:\Users\Anushree Thakur\AppData\Local\GitHubDesktop\bin;C:\Users\Anushree Thakur\AppData\Local\Programs\Microsoft VS Code\bin;C:\Program Files\JetBrains\PyCharm 2023.2.1\bin;C:\Users\Anushree Thakur\AppData\Local\JetBrains\PyCharm Community Edition 2022.1\bin;C:\Program Files\JetBrains\PyCharm Edu 2022.2.2\bin;C:\Program Files (x86)\heroku\bin
USERNAME=Anushree Thakur
DISPLAY=:0.0
LC_ALL=en_US.UTF-8
TERM=xterm-256color
TMPDIR=C:\Users\ANUSHR~1\AppData\Local\Temp
OS=Windows_NT
PROCESSOR_IDENTIFIER=AMD64 Family 23 Model 96 Stepping 1, AuthenticAMD
TMP=C:\Users\ANUSHR~1\AppData\Local\Temp
TEMP=C:\Users\ANUSHR~1\AppData\Local\Temp



---------------  S Y S T E M  ---------------

OS:
 Windows 11 , 64 bit Build 22621 (10.0.22621.2070)
OS uptime: 5 days 15:13 hours
Hyper-V role detected

CPU: total 6 (initial active 6) (6 cores per cpu, 1 threads per core) family 23 model 96 stepping 1 microcode 0x0, cx8, cmov, fxsr, mmx, 3dnowpref, sse, sse2, sse3, ssse3, sse4a, sse4.1, sse4.2, popcnt, lzcnt, tsc, tscinvbit, avx, avx2, aes, clmul, bmi1, bmi2, adx, sha, fma, vzeroupper, clflush, clflushopt, hv

Memory: 4k page, system-wide physical 7564M (571M free)
TotalPageFile size 9612M (AvailPageFile size 31M)
current process WorkingSet (physical memory assigned to process): 11M, peak: 11M
current process commit charge ("private bytes"): 56M, peak: 176M

vm_info: OpenJDK 64-Bit Server VM (17.0.4.1+7-b469.62) for windows-amd64 JRE (17.0.4.1+7-b469.62), built on 2022-09-22 by "builduser" with MS VC++ 16.10 / 16.11 (VS2019)

END.
